<?xml version="1.0" encoding="UTF-8"?>
<!-- Generated by org.testng.reporters.JUnitXMLReporter -->
<testsuite hostname="DESKTOP-0M1MH5T" ignored="0" name="LinkedinTest" tests="4" failures="0" timestamp="2020-06-26T16:05:56 IST" time="42.491" errors="0">
  <testcase name="searchTest" time="5.584" classname="com.qa.linkedin.testcases.SearchDDTest"/>
  <testcase name="searchTest" time="5.259" classname="com.qa.linkedin.testcases.SearchDDTest"/>
  <testcase name="searchTest" time="5.136" classname="com.qa.linkedin.testcases.SearchDDTest"/>
  <testcase name="searchTest" time="4.738" classname="com.qa.linkedin.testcases.SearchDDTest"/>
</testsuite> <!-- LinkedinTest -->
