<?xml version="1.0" encoding="UTF-8"?>
<!-- Generated by org.testng.reporters.JUnitXMLReporter -->
<testsuite hostname="DESKTOP-0M1MH5T" ignored="0" name="LinkedinTest" tests="4" failures="0" timestamp="2020-06-27T16:21:00 IST" time="42.95" errors="0">
  <testcase name="searchTest" time="5.165" classname="com.qa.linkedin.testcases.SearchDDTest"/>
  <testcase name="searchTest" time="5.479" classname="com.qa.linkedin.testcases.SearchDDTest"/>
  <testcase name="searchTest" time="4.711" classname="com.qa.linkedin.testcases.SearchDDTest"/>
  <testcase name="searchTest" time="5.434" classname="com.qa.linkedin.testcases.SearchDDTest"/>
</testsuite> <!-- LinkedinTest -->
